<?xml version="1.0" encoding="UTF-8"?>
<!-- Generated by org.testng.reporters.JUnitXMLReporter -->
<testsuite ignored="0" hostname="DESKTOP-FE9I4DB" failures="1" tests="5" name="Test" time="187.259" errors="0" timestamp="2022-04-30T00:36:14 IST">
  <testcase classname="com.kite.TestClasses.TC03AddFundFunctionality" name="verifyAddFundFunctionality" time="6.965"/>
  <testcase classname="com.kite.TestClasses.TC01LoginFunctionality" name="verifyloginFunctionality" time="3.133"/>
  <testcase classname="com.kite.TestClasses.TC05SellFunctionality" name="VerifySellFunctionality" time="4.621"/>
  <testcase classname="com.kite.TestClasses.TC04BuyFunctionality" name="verifyBuyFunctionality" time="3.209">
    <failure type="java.lang.AssertionError" message="expected [] but found [Error]">
      <![CDATA[java.lang.AssertionError: expected [] but found [Error]
at com.kite.TestClasses.TC04BuyFunctionality.verifyBuyFunctionality(TC04BuyFunctionality.java:33)
at java.base/java.util.ArrayList.forEach(ArrayList.java:1511)
... Removed 33 stack frames]]>
    </failure>
  </testcase> <!-- verifyBuyFunctionality -->
  <testcase classname="com.kite.TestClasses.TC02Logoutfunctionality" name="verifyLogoutFunctionlity" time="3.902"/>
</testsuite> <!-- Test -->
