<?xml version="1.0" encoding="UTF-8"?>
<testng-results ignored="0" total="5" passed="4" failed="1" skipped="0">
  <reporter-output>
  </reporter-output>
  <suite started-at="2022-04-30T00:33:06 IST" name="Suite" finished-at="2022-04-30T00:36:13 IST" duration-ms="187259">
    <groups>
    </groups>
    <test started-at="2022-04-30T00:33:06 IST" name="Test" finished-at="2022-04-30T00:36:13 IST" duration-ms="187259">
      <class name="com.kite.TestClasses.TC03AddFundFunctionality">
        <test-method is-config="true" signature="setupmethod()[pri:0, instance:com.kite.TestClasses.TC03AddFundFunctionality@272ed83b]" started-at="2022-04-30T00:33:06 IST" name="setupmethod" finished-at="2022-04-30T00:33:46 IST" duration-ms="40045" status="PASS">
          <reporter-output>
          </reporter-output>
        </test-method> <!-- setupmethod -->
        <test-method signature="verifyAddFundFunctionality()[pri:0, instance:com.kite.TestClasses.TC03AddFundFunctionality@272ed83b]" started-at="2022-04-30T00:33:46 IST" name="verifyAddFundFunctionality" finished-at="2022-04-30T00:33:53 IST" duration-ms="6965" status="PASS">
          <reporter-output>
          </reporter-output>
        </test-method> <!-- verifyAddFundFunctionality -->
        <test-method is-config="true" signature="teardownMethod()[pri:0, instance:com.kite.TestClasses.TC03AddFundFunctionality@272ed83b]" started-at="2022-04-30T00:33:53 IST" name="teardownMethod" finished-at="2022-04-30T00:33:55 IST" duration-ms="2119" status="PASS">
          <reporter-output>
          </reporter-output>
        </test-method> <!-- teardownMethod -->
      </class> <!-- com.kite.TestClasses.TC03AddFundFunctionality -->
      <class name="com.kite.TestClasses.TC01LoginFunctionality">
        <test-method is-config="true" signature="setupmethod()[pri:0, instance:com.kite.TestClasses.TC01LoginFunctionality@3e84448c]" started-at="2022-04-30T00:33:55 IST" name="setupmethod" finished-at="2022-04-30T00:34:20 IST" duration-ms="24423" status="PASS">
          <reporter-output>
          </reporter-output>
        </test-method> <!-- setupmethod -->
        <test-method signature="verifyloginFunctionality()[pri:0, instance:com.kite.TestClasses.TC01LoginFunctionality@3e84448c]" started-at="2022-04-30T00:34:20 IST" name="verifyloginFunctionality" finished-at="2022-04-30T00:34:23 IST" duration-ms="3133" status="PASS">
          <reporter-output>
          </reporter-output>
        </test-method> <!-- verifyloginFunctionality -->
        <test-method is-config="true" signature="teardownMethod()[pri:0, instance:com.kite.TestClasses.TC01LoginFunctionality@3e84448c]" started-at="2022-04-30T00:34:23 IST" name="teardownMethod" finished-at="2022-04-30T00:34:23 IST" duration-ms="412" status="PASS">
          <reporter-output>
          </reporter-output>
        </test-method> <!-- teardownMethod -->
      </class> <!-- com.kite.TestClasses.TC01LoginFunctionality -->
      <class name="com.kite.TestClasses.TC02Logoutfunctionality">
        <test-method is-config="true" signature="setupmethod()[pri:0, instance:com.kite.TestClasses.TC02Logoutfunctionality@5403f35f]" started-at="2022-04-30T00:35:44 IST" name="setupmethod" finished-at="2022-04-30T00:36:08 IST" duration-ms="24256" status="PASS">
          <reporter-output>
          </reporter-output>
        </test-method> <!-- setupmethod -->
        <test-method signature="verifyLogoutFunctionlity()[pri:0, instance:com.kite.TestClasses.TC02Logoutfunctionality@5403f35f]" started-at="2022-04-30T00:36:08 IST" name="verifyLogoutFunctionlity" finished-at="2022-04-30T00:36:12 IST" duration-ms="3902" status="PASS">
          <reporter-output>
          </reporter-output>
        </test-method> <!-- verifyLogoutFunctionlity -->
        <test-method is-config="true" signature="teardownMethod()[pri:0, instance:com.kite.TestClasses.TC02Logoutfunctionality@5403f35f]" started-at="2022-04-30T00:36:12 IST" name="teardownMethod" finished-at="2022-04-30T00:36:13 IST" duration-ms="1191" status="PASS">
          <reporter-output>
          </reporter-output>
        </test-method> <!-- teardownMethod -->
      </class> <!-- com.kite.TestClasses.TC02Logoutfunctionality -->
      <class name="com.kite.TestClasses.TC05SellFunctionality">
        <test-method is-config="true" signature="setupmethod()[pri:0, instance:com.kite.TestClasses.TC05SellFunctionality@4a7f959b]" started-at="2022-04-30T00:34:23 IST" name="setupmethod" finished-at="2022-04-30T00:35:10 IST" duration-ms="46754" status="PASS">
          <reporter-output>
          </reporter-output>
        </test-method> <!-- setupmethod -->
        <test-method signature="VerifySellFunctionality()[pri:0, instance:com.kite.TestClasses.TC05SellFunctionality@4a7f959b]" started-at="2022-04-30T00:35:10 IST" name="VerifySellFunctionality" finished-at="2022-04-30T00:35:15 IST" duration-ms="4621" status="PASS">
          <reporter-output>
          </reporter-output>
        </test-method> <!-- VerifySellFunctionality -->
        <test-method is-config="true" signature="teardownMethod()[pri:0, instance:com.kite.TestClasses.TC05SellFunctionality@4a7f959b]" started-at="2022-04-30T00:35:15 IST" name="teardownMethod" finished-at="2022-04-30T00:35:16 IST" duration-ms="1118" status="PASS">
          <reporter-output>
          </reporter-output>
        </test-method> <!-- teardownMethod -->
      </class> <!-- com.kite.TestClasses.TC05SellFunctionality -->
      <class name="com.kite.TestClasses.TC04BuyFunctionality">
        <test-method is-config="true" signature="setupmethod()[pri:0, instance:com.kite.TestClasses.TC04BuyFunctionality@429bffaa]" started-at="2022-04-30T00:35:16 IST" name="setupmethod" finished-at="2022-04-30T00:35:40 IST" duration-ms="24110" status="PASS">
          <reporter-output>
          </reporter-output>
        </test-method> <!-- setupmethod -->
        <test-method signature="verifyBuyFunctionality()[pri:0, instance:com.kite.TestClasses.TC04BuyFunctionality@429bffaa]" started-at="2022-04-30T00:35:40 IST" name="verifyBuyFunctionality" finished-at="2022-04-30T00:35:43 IST" duration-ms="3209" status="FAIL">
          <exception class="java.lang.AssertionError">
            <message>
              <![CDATA[expected [] but found [Error]]]>
            </message>
            <full-stacktrace>
              <![CDATA[java.lang.AssertionError: expected [] but found [Error]
at org.testng.Assert.fail(Assert.java:99)
at org.testng.Assert.failNotEquals(Assert.java:1037)
at org.testng.Assert.assertEqualsImpl(Assert.java:140)
at org.testng.Assert.assertEquals(Assert.java:122)
at org.testng.Assert.assertEquals(Assert.java:629)
at org.testng.Assert.assertEquals(Assert.java:639)
at com.kite.TestClasses.TC04BuyFunctionality.verifyBuyFunctionality(TC04BuyFunctionality.java:33)
at java.base/jdk.internal.reflect.NativeMethodAccessorImpl.invoke0(Native Method)
at java.base/jdk.internal.reflect.NativeMethodAccessorImpl.invoke(NativeMethodAccessorImpl.java:77)
at java.base/jdk.internal.reflect.DelegatingMethodAccessorImpl.invoke(DelegatingMethodAccessorImpl.java:43)
at java.base/java.lang.reflect.Method.invoke(Method.java:568)
at org.testng.internal.MethodInvocationHelper.invokeMethod(MethodInvocationHelper.java:133)
at org.testng.internal.TestInvoker.invokeMethod(TestInvoker.java:598)
at org.testng.internal.TestInvoker.invokeTestMethod(TestInvoker.java:173)
at org.testng.internal.MethodRunner.runInSequence(MethodRunner.java:46)
at org.testng.internal.TestInvoker$MethodInvocationAgent.invoke(TestInvoker.java:824)
at org.testng.internal.TestInvoker.invokeTestMethods(TestInvoker.java:146)
at org.testng.internal.TestMethodWorker.invokeTestMethods(TestMethodWorker.java:146)
at org.testng.internal.TestMethodWorker.run(TestMethodWorker.java:128)
at java.base/java.util.ArrayList.forEach(ArrayList.java:1511)
at org.testng.TestRunner.privateRun(TestRunner.java:794)
at org.testng.TestRunner.run(TestRunner.java:596)
at org.testng.SuiteRunner.runTest(SuiteRunner.java:377)
at org.testng.SuiteRunner.runSequentially(SuiteRunner.java:371)
at org.testng.SuiteRunner.privateRun(SuiteRunner.java:332)
at org.testng.SuiteRunner.run(SuiteRunner.java:276)
at org.testng.SuiteRunnerWorker.runSuite(SuiteRunnerWorker.java:53)
at org.testng.SuiteRunnerWorker.run(SuiteRunnerWorker.java:96)
at org.testng.TestNG.runSuitesSequentially(TestNG.java:1212)
at org.testng.TestNG.runSuitesLocally(TestNG.java:1134)
at org.testng.TestNG.runSuites(TestNG.java:1063)
at org.testng.TestNG.run(TestNG.java:1031)
at org.testng.remote.AbstractRemoteTestNG.run(AbstractRemoteTestNG.java:115)
at org.testng.remote.RemoteTestNG.initAndRun(RemoteTestNG.java:251)
at org.testng.remote.RemoteTestNG.main(RemoteTestNG.java:77)
]]>
            </full-stacktrace>
          </exception> <!-- java.lang.AssertionError -->
          <reporter-output>
          </reporter-output>
        </test-method> <!-- verifyBuyFunctionality -->
        <test-method is-config="true" signature="teardownMethod()[pri:0, instance:com.kite.TestClasses.TC04BuyFunctionality@429bffaa]" started-at="2022-04-30T00:35:43 IST" name="teardownMethod" finished-at="2022-04-30T00:35:44 IST" duration-ms="902" status="PASS">
          <reporter-output>
          </reporter-output>
        </test-method> <!-- teardownMethod -->
      </class> <!-- com.kite.TestClasses.TC04BuyFunctionality -->
    </test> <!-- Test -->
  </suite> <!-- Suite -->
</testng-results>
